[debug] [2017-10-08T15:08:54.513Z] ----------------------------------------------------------------------
[debug] [2017-10-08T15:08:54.513Z] Command:       C:\Program Files\nodejs\node.exe C:\Users\SELVA RAJ\AppData\Roaming\npm\node_modules\firebase-tools\bin\firebase deploy
[debug] [2017-10-08T15:08:54.513Z] CLI Version:   3.13.1
[debug] [2017-10-08T15:08:54.513Z] Platform:      win32
[debug] [2017-10-08T15:08:54.513Z] Node Version:  v8.5.0
[debug] [2017-10-08T15:08:54.528Z] Time:          Sun Oct 08 2017 20:38:54 GMT+0530 (India Standard Time)
[debug] [2017-10-08T15:08:54.528Z] ----------------------------------------------------------------------
[debug] 
[debug] [2017-10-08T15:08:54.544Z] > command requires scopes: ["email","openid","https://www.googleapis.com/auth/cloudplatformprojects.readonly","https://www.googleapis.com/auth/firebase","https://www.googleapis.com/auth/cloud-platform"]
[debug] [2017-10-08T15:08:54.544Z] > authorizing via signed-in user
[debug] [2017-10-08T15:08:54.544Z] > refreshing access token with scopes: ["email","https://www.googleapis.com/auth/cloud-platform","https://www.googleapis.com/auth/cloudplatformprojects.readonly","https://www.googleapis.com/auth/firebase","openid"]
[debug] [2017-10-08T15:08:54.544Z] >>> HTTP REQUEST POST https://www.googleapis.com/oauth2/v3/token { refresh_token: '1/I902qo-Sys1DmnUxz3facuiQ-86FCqGnt9KcPjGe0UA',
  client_id: '563584335869-fgrhgmd47bqnekij5i8b5pr03ho849e6.apps.googleusercontent.com',
  client_secret: 'j9iVZfS8kkCEFUPaAeJV0sAi',
  grant_type: 'refresh_token',
  scope: 'email https://www.googleapis.com/auth/cloud-platform https://www.googleapis.com/auth/cloudplatformprojects.readonly https://www.googleapis.com/auth/firebase openid' } 
 Sun Oct 08 2017 20:38:54 GMT+0530 (India Standard Time)
[debug] [2017-10-08T15:08:55.740Z] <<< HTTP RESPONSE 200
[debug] [2017-10-08T15:08:55.771Z] >>> HTTP REQUEST GET https://admin.firebase.com/v1/projects/book-app-a5e1c  
 Sun Oct 08 2017 20:38:55 GMT+0530 (India Standard Time)
[debug] [2017-10-08T15:08:57.876Z] <<< HTTP RESPONSE 200
[debug] [2017-10-08T15:08:57.876Z] >>> HTTP REQUEST GET https://admin.firebase.com/v1/database/book-app-a5e1c/tokens  
 Sun Oct 08 2017 20:38:57 GMT+0530 (India Standard Time)
[debug] [2017-10-08T15:09:05.137Z] <<< HTTP RESPONSE 200
[info] 1
[info] 
[info] === Deploying to 'book-app-a5e1c'...
[info] 
[info] i  deploying hosting
[info] i  hosting: preparing dist directory for upload...
[debug] [2017-10-08T15:09:12.102Z] >>> HTTP REQUEST PUT https://deploy.firebase.com/v1/hosting/book-app-a5e1c/uploads/-KvwWl22o2WXqEWM9d1I?fileCount=75&message=  
 Sun Oct 08 2017 20:39:12 GMT+0530 (India Standard Time)
